Arguments: 
  /home/elias/.nvm/versions/node/v16.20.0/bin/node /home/elias/.nvm/versions/node/v16.20.0/bin/yarn test --listTests --json --watchAll=false

PATH: 
  /home/elias/.vscode-server/bin/1a5daa3a0231a0fbba4f14db7ec463cf99d7768e/bin/remote-cli:/home/elias/.pyenv/shims:/home/elias/.pyenv/bin:/home/elias/.nvm/versions/node/v16.20.0/bin:/usr/local/sbin:/usr/local/bin:/usr/sbin:/usr/bin:/sbin:/bin:/usr/games:/usr/local/games:/usr/lib/wsl/lib:/mnt/c/Program Files/ConEmu:/mnt/c/Program Files/ConEmu/ConEmu:/mnt/c/Program Files/Microsoft/jdk-11.0.18.10-hotspot/bin:/mnt/c/Python311/Scripts/:/mnt/c/Python311/:/mnt/c/Program Files/Eclipse Adoptium/jre-17.0.7.7-hotspot/bin:/mnt/c/Windows/system32:/mnt/c/Windows:/mnt/c/Windows/System32/Wbem:/mnt/c/Windows/System32/WindowsPowerShell/v1.0/:/mnt/c/Windows/System32/OpenSSH/:/mnt/c/Program Files/Microsoft VS Code/bin:/mnt/c/ProgramData/chocolatey/bin:/mnt/c/Program Files/Git/cmd:/mnt/c/ProgramData/nvm:/mnt/c/Program Files/nodejs:/mnt/c/Program Files/dotnet/:/mnt/c/Program Files/Docker/Docker/resources/bin:/mnt/c/Users/elias/AppData/Local/Android/Sdk/emulator:/mnt/c/Users/elias/AppData/Local/Android/Sdk/platform-tools:/mnt/c/Program Files/Calibre2/:/mnt/c/Users/elias/AppData/Local/Microsoft/WindowsApps:/mnt/c/ProgramData/nvm:/mnt/c/Program Files/nodejs:/mnt/c/Users/elias/.dotnet/tools:/snap/bin

Yarn version: 
  1.22.19

Node version: 
  16.20.0

Platform: 
  linux x64

Trace: 
  SyntaxError: /home/elias/Code/Endless-Dungeon/package.json: Unexpected end of JSON input
      at JSON.parse (<anonymous>)
      at /home/elias/.nvm/versions/node/v16.20.0/lib/node_modules/yarn/lib/cli.js:1629:59
      at Generator.next (<anonymous>)
      at step (/home/elias/.nvm/versions/node/v16.20.0/lib/node_modules/yarn/lib/cli.js:310:30)
      at /home/elias/.nvm/versions/node/v16.20.0/lib/node_modules/yarn/lib/cli.js:321:13

npm manifest: 
  

yarn manifest: 
  No manifest

Lockfile: 
  No lockfile
